<?xml version="1.0" encoding="UTF-8"?>
<testsuite name="ch.zhaw.iwi.devops.demo.PasswordValidatorTest" tests="5" skipped="0" failures="0" errors="0" timestamp="2026-04-11T15:49:35.081Z" hostname="LAPTOP-KAVOI7N3" time="0.014">
  <properties/>
  <testcase name="testValidPassword()" classname="ch.zhaw.iwi.devops.demo.PasswordValidatorTest" time="0.007"/>
  <testcase name="testPasswordWithoutSpecialChar()" classname="ch.zhaw.iwi.devops.demo.PasswordValidatorTest" time="0.001"/>
  <testcase name="testPasswordWithoutUppercase()" classname="ch.zhaw.iwi.devops.demo.PasswordValidatorTest" time="0.001"/>
  <testcase name="testPasswordWithoutNumber()" classname="ch.zhaw.iwi.devops.demo.PasswordValidatorTest" time="0.0"/>
  <testcase name="testTooShortPassword()" classname="ch.zhaw.iwi.devops.demo.PasswordValidatorTest" time="0.001"/>
  <system-out><![CDATA[]]></system-out>
  <system-err><![CDATA[]]></system-err>
</testsuite>
