<?xml version="1.0" encoding="UTF-8"?>
<testsuite name="ch.zhaw.iwi.devops.demo.PathListEntryTest" tests="6" skipped="0" failures="0" errors="0" timestamp="2026-04-11T15:49:35.097Z" hostname="LAPTOP-KAVOI7N3" time="0.013">
  <properties/>
  <testcase name="testKeyHashCodeAndEquals()" classname="ch.zhaw.iwi.devops.demo.PathListEntryTest" time="0.006"/>
  <testcase name="testEqualsAndHashCodeWithNullValues()" classname="ch.zhaw.iwi.devops.demo.PathListEntryTest" time="0.001"/>
  <testcase name="testHashCodeAndEquals()" classname="ch.zhaw.iwi.devops.demo.PathListEntryTest" time="0.001"/>
  <testcase name="testEqualsAndHashCodeWithDifferentValues()" classname="ch.zhaw.iwi.devops.demo.PathListEntryTest" time="0.001"/>
  <testcase name="testSettersAndGetters()" classname="ch.zhaw.iwi.devops.demo.PathListEntryTest" time="0.003"/>
  <testcase name="testConstructor()" classname="ch.zhaw.iwi.devops.demo.PathListEntryTest" time="0.001"/>
  <system-out><![CDATA[]]></system-out>
  <system-err><![CDATA[]]></system-err>
</testsuite>
